2023-02-02 17:37:22,837 INFO org.springframework.boot.StartupInfoLogger [main] Starting PeaksoftlmsBB4Application using Java 17.0.1 on LAPTOP-Q9VS4IDS with PID 3304 (D:\Projects B-4\peaksoftlms-b-b4\target\classes started by schoo in D:\Projects B-4\peaksoftlms-b-b4)
2023-02-02 17:37:22,827 INFO org.hibernate.validator.internal.util.Version [background-preinit] HV000001: Hibernate Validator 6.2.3.Final
2023-02-02 17:37:22,848 INFO org.springframework.boot.SpringApplication [main] The following 1 profile is active: "dev"
2023-02-02 17:37:24,228 INFO org.springframework.data.repository.config.RepositoryConfigurationDelegate [main] Bootstrapping Spring Data JPA repositories in DEFAULT mode.
2023-02-02 17:37:24,361 INFO org.springframework.data.repository.config.RepositoryConfigurationDelegate [main] Finished Spring Data repository scanning in 126 ms. Found 15 JPA repository interfaces.
2023-02-02 17:37:24,636 INFO org.springframework.context.support.PostProcessorRegistrationDelegate$BeanPostProcessorChecker [main] Bean 'credentialsProvider' of type [com.amazonaws.auth.AWSCredentialsProviderChain] is not eligible for getting processed by all BeanPostProcessors (for example: not eligible for auto-proxying)
2023-02-02 17:37:24,972 INFO org.springframework.boot.web.embedded.tomcat.TomcatWebServer [main] Tomcat initialized with port(s): 5000 (http)
2023-02-02 17:37:24,982 INFO org.apache.juli.logging.DirectJDKLog [main] Initializing ProtocolHandler ["http-nio-5000"]
2023-02-02 17:37:24,983 INFO org.apache.juli.logging.DirectJDKLog [main] Starting service [Tomcat]
2023-02-02 17:37:24,983 INFO org.apache.juli.logging.DirectJDKLog [main] Starting Servlet engine: [Apache Tomcat/9.0.60]
2023-02-02 17:37:25,142 INFO org.apache.juli.logging.DirectJDKLog [main] Initializing Spring embedded WebApplicationContext
2023-02-02 17:37:25,142 INFO org.springframework.boot.web.servlet.context.ServletWebServerApplicationContext [main] Root WebApplicationContext: initialization completed in 2176 ms
2023-02-02 17:37:25,333 INFO org.hibernate.jpa.internal.util.LogHelper [main] HHH000204: Processing PersistenceUnitInfo [name: default]
2023-02-02 17:37:25,389 INFO org.hibernate.Version [main] HHH000412: Hibernate ORM core version 5.6.7.Final
2023-02-02 17:37:25,564 INFO org.hibernate.annotations.common.reflection.java.JavaReflectionManager [main] HCANN000001: Hibernate Commons Annotations {5.1.2.Final}
2023-02-02 17:37:25,673 INFO com.zaxxer.hikari.HikariDataSource [main] HikariPool-1 - Starting...
2023-02-02 17:37:25,879 INFO com.zaxxer.hikari.HikariDataSource [main] HikariPool-1 - Start completed.
2023-02-02 17:37:25,900 INFO org.hibernate.dialect.Dialect [main] HHH000400: Using dialect: org.hibernate.dialect.PostgreSQL10Dialect
2023-02-02 17:37:27,351 INFO org.hibernate.engine.transaction.jta.platform.internal.JtaPlatformInitiator [main] HHH000490: Using JtaPlatform implementation: [org.hibernate.engine.transaction.jta.platform.internal.NoJtaPlatform]
2023-02-02 17:37:27,364 INFO org.springframework.orm.jpa.AbstractEntityManagerFactoryBean [main] Initialized JPA EntityManagerFactory for persistence unit 'default'
2023-02-02 17:37:27,770 WARN org.springframework.boot.autoconfigure.orm.jpa.JpaBaseConfiguration$JpaWebConfiguration [main] spring.jpa.open-in-view is enabled by default. Therefore, database queries may be performed during view rendering. Explicitly configure spring.jpa.open-in-view to disable this warning
2023-02-02 17:37:30,112 INFO org.springframework.security.web.DefaultSecurityFilterChain [main] Will not secure any request
2023-02-02 17:37:30,162 INFO org.apache.juli.logging.DirectJDKLog [main] Starting ProtocolHandler ["http-nio-5000"]
2023-02-02 17:37:30,189 INFO org.springframework.boot.web.embedded.tomcat.TomcatWebServer [main] Tomcat started on port(s): 5000 (http) with context path ''
2023-02-02 17:37:30,200 INFO org.springframework.boot.StartupInfoLogger [main] Started PeaksoftlmsBB4Application in 8.136 seconds (JVM running for 9.302)
2023-02-02 17:38:03,895 INFO org.springframework.orm.jpa.AbstractEntityManagerFactoryBean [SpringApplicationShutdownHook] Closing JPA EntityManagerFactory for persistence unit 'default'
2023-02-02 17:38:03,897 INFO com.zaxxer.hikari.HikariDataSource [SpringApplicationShutdownHook] HikariPool-1 - Shutdown initiated...
2023-02-02 17:38:03,905 INFO com.zaxxer.hikari.HikariDataSource [SpringApplicationShutdownHook] HikariPool-1 - Shutdown completed.
